{"/Users/noelledeangelo/Hack Reactor/fec/config.js": {"path":"/Users/noelledeangelo/Hack Reactor/fec/config.js","statementMap":{"0":{"start":{"line":1,"column":14},"end":{"line":1,"column":56}},"1":{"start":{"line":3,"column":0},"end":{"line":3,"column":23}}},"fnMap":{},"branchMap":{},"s":{"0":3,"1":3},"f":{},"b":{},"_coverageSchema":"1a1c01bbd47fc00a2c39e90264f33305004495a9","hash":"dddd1506616f91b0203c222b433b09e0a685198a"}
,"/Users/noelledeangelo/Hack Reactor/fec/client/src/app.jsx": {"path":"/Users/noelledeangelo/Hack Reactor/fec/client/src/app.jsx","statementMap":{"0":{"start":{"line":14,"column":4},"end":{"line":14,"column":17}},"1":{"start":{"line":16,"column":4},"end":{"line":18,"column":5}},"2":{"start":{"line":26,"column":4},"end":{"line":47,"column":5}},"3":{"start":{"line":31,"column":10},"end":{"line":44,"column":16}}},"fnMap":{"0":{"name":"(anonymous_0)","decl":{"start":{"line":13,"column":2},"end":{"line":13,"column":3}},"loc":{"start":{"line":13,"column":22},"end":{"line":19,"column":3}},"line":13},"1":{"name":"(anonymous_1)","decl":{"start":{"line":21,"column":2},"end":{"line":21,"column":3}},"loc":{"start":{"line":21,"column":11},"end":{"line":48,"column":3}},"line":21},"2":{"name":"(anonymous_2)","decl":{"start":{"line":30,"column":33},"end":{"line":30,"column":34}},"loc":{"start":{"line":31,"column":10},"end":{"line":44,"column":16}},"line":31}},"branchMap":{},"s":{"0":1,"1":1,"2":1,"3":1},"f":{"0":1,"1":1,"2":1},"b":{},"_coverageSchema":"1a1c01bbd47fc00a2c39e90264f33305004495a9","hash":"9c0cba8da39957f1480db6462b1c9ec42aa8f787"}
,"/Users/noelledeangelo/Hack Reactor/fec/client/src/Styles/ProductCard.js": {"path":"/Users/noelledeangelo/Hack Reactor/fec/client/src/Styles/ProductCard.js","statementMap":{},"fnMap":{},"branchMap":{},"s":{},"f":{},"b":{},"_coverageSchema":"1a1c01bbd47fc00a2c39e90264f33305004495a9","hash":"d24621b76696518675ae4220f7129a2aa6a0198e"}
,"/Users/noelledeangelo/Hack Reactor/fec/client/src/Styles/WidgetContainer.js": {"path":"/Users/noelledeangelo/Hack Reactor/fec/client/src/Styles/WidgetContainer.js","statementMap":{},"fnMap":{},"branchMap":{},"s":{},"f":{},"b":{},"_coverageSchema":"1a1c01bbd47fc00a2c39e90264f33305004495a9","hash":"dc9e5d3c86800d2de98883f7218e93a48c8d0d1a"}
,"/Users/noelledeangelo/Hack Reactor/fec/client/src/Styles/index.js": {"path":"/Users/noelledeangelo/Hack Reactor/fec/client/src/Styles/index.js","statementMap":{},"fnMap":{},"branchMap":{},"s":{},"f":{},"b":{},"_coverageSchema":"1a1c01bbd47fc00a2c39e90264f33305004495a9","hash":"6dba746015137b02911ddb0ab09dcc802805bb95"}
,"/Users/noelledeangelo/Hack Reactor/fec/client/src/Utils/CurrentProduct.js": {"path":"/Users/noelledeangelo/Hack Reactor/fec/client/src/Utils/CurrentProduct.js","statementMap":{"0":{"start":{"line":11,"column":4},"end":{"line":11,"column":17}},"1":{"start":{"line":13,"column":4},"end":{"line":15,"column":6}},"2":{"start":{"line":18,"column":4},"end":{"line":18,"column":55}},"3":{"start":{"line":19,"column":4},"end":{"line":19,"column":49}},"4":{"start":{"line":24,"column":4},"end":{"line":24,"column":48}},"5":{"start":{"line":29,"column":4},"end":{"line":31,"column":7}},"6":{"start":{"line":35,"column":4},"end":{"line":39,"column":6}},"7":{"start":{"line":38,"column":6},"end":{"line":38,"column":33}},"8":{"start":{"line":43,"column":4},"end":{"line":46,"column":9}},"9":{"start":{"line":45,"column":8},"end":{"line":45,"column":44}},"10":{"start":{"line":50,"column":4},"end":{"line":53,"column":9}},"11":{"start":{"line":52,"column":8},"end":{"line":52,"column":38}},"12":{"start":{"line":62,"column":4},"end":{"line":66,"column":5}}},"fnMap":{"0":{"name":"(anonymous_0)","decl":{"start":{"line":10,"column":2},"end":{"line":10,"column":3}},"loc":{"start":{"line":10,"column":22},"end":{"line":20,"column":3}},"line":10},"1":{"name":"(anonymous_1)","decl":{"start":{"line":23,"column":2},"end":{"line":23,"column":3}},"loc":{"start":{"line":23,"column":22},"end":{"line":25,"column":3}},"line":23},"2":{"name":"(anonymous_2)","decl":{"start":{"line":28,"column":2},"end":{"line":28,"column":3}},"loc":{"start":{"line":28,"column":18},"end":{"line":32,"column":3}},"line":28},"3":{"name":"(anonymous_3)","decl":{"start":{"line":34,"column":2},"end":{"line":34,"column":3}},"loc":{"start":{"line":34,"column":17},"end":{"line":40,"column":3}},"line":34},"4":{"name":"(anonymous_4)","decl":{"start":{"line":36,"column":10},"end":{"line":36,"column":11}},"loc":{"start":{"line":36,"column":27},"end":{"line":39,"column":5}},"line":36},"5":{"name":"(anonymous_5)","decl":{"start":{"line":42,"column":2},"end":{"line":42,"column":3}},"loc":{"start":{"line":42,"column":17},"end":{"line":47,"column":3}},"line":42},"6":{"name":"(anonymous_6)","decl":{"start":{"line":44,"column":12},"end":{"line":44,"column":13}},"loc":{"start":{"line":44,"column":25},"end":{"line":46,"column":7}},"line":44},"7":{"name":"(anonymous_7)","decl":{"start":{"line":49,"column":2},"end":{"line":49,"column":3}},"loc":{"start":{"line":49,"column":14},"end":{"line":54,"column":3}},"line":49},"8":{"name":"(anonymous_8)","decl":{"start":{"line":51,"column":12},"end":{"line":51,"column":13}},"loc":{"start":{"line":51,"column":22},"end":{"line":53,"column":7}},"line":51},"9":{"name":"(anonymous_9)","decl":{"start":{"line":56,"column":2},"end":{"line":56,"column":3}},"loc":{"start":{"line":56,"column":19},"end":{"line":58,"column":3}},"line":56},"10":{"name":"(anonymous_10)","decl":{"start":{"line":61,"column":2},"end":{"line":61,"column":3}},"loc":{"start":{"line":61,"column":11},"end":{"line":67,"column":3}},"line":61}},"branchMap":{},"s":{"0":1,"1":1,"2":1,"3":1,"4":1,"5":0,"6":1,"7":0,"8":0,"9":0,"10":0,"11":0,"12":1},"f":{"0":1,"1":1,"2":0,"3":1,"4":0,"5":0,"6":0,"7":0,"8":0,"9":0,"10":1},"b":{},"_coverageSchema":"1a1c01bbd47fc00a2c39e90264f33305004495a9","hash":"1b7ccd65cacdf15bea0e2964413c92ef9738f163"}
,"/Users/noelledeangelo/Hack Reactor/fec/client/src/Utils/ProductAPI.js": {"path":"/Users/noelledeangelo/Hack Reactor/fec/client/src/Utils/ProductAPI.js","statementMap":{"0":{"start":{"line":3,"column":19},"end":{"line":29,"column":1}},"1":{"start":{"line":5,"column":4},"end":{"line":11,"column":6}},"2":{"start":{"line":7,"column":6},"end":{"line":7,"column":26}},"3":{"start":{"line":10,"column":6},"end":{"line":10,"column":17}},"4":{"start":{"line":15,"column":4},"end":{"line":23,"column":6}},"5":{"start":{"line":19,"column":6},"end":{"line":19,"column":21}},"6":{"start":{"line":22,"column":6},"end":{"line":22,"column":17}},"7":{"start":{"line":27,"column":4},"end":{"line":27,"column":43}}},"fnMap":{"0":{"name":"(anonymous_0)","decl":{"start":{"line":4,"column":14},"end":{"line":4,"column":15}},"loc":{"start":{"line":4,"column":23},"end":{"line":12,"column":3}},"line":4},"1":{"name":"(anonymous_1)","decl":{"start":{"line":6,"column":10},"end":{"line":6,"column":11}},"loc":{"start":{"line":6,"column":23},"end":{"line":8,"column":5}},"line":6},"2":{"name":"(anonymous_2)","decl":{"start":{"line":9,"column":11},"end":{"line":9,"column":12}},"loc":{"start":{"line":9,"column":20},"end":{"line":11,"column":5}},"line":9},"3":{"name":"(anonymous_3)","decl":{"start":{"line":14,"column":22},"end":{"line":14,"column":23}},"loc":{"start":{"line":14,"column":38},"end":{"line":24,"column":3}},"line":14},"4":{"name":"(anonymous_4)","decl":{"start":{"line":18,"column":10},"end":{"line":18,"column":11}},"loc":{"start":{"line":18,"column":23},"end":{"line":20,"column":5}},"line":18},"5":{"name":"(anonymous_5)","decl":{"start":{"line":21,"column":11},"end":{"line":21,"column":12}},"loc":{"start":{"line":21,"column":20},"end":{"line":23,"column":5}},"line":21},"6":{"name":"(anonymous_6)","decl":{"start":{"line":26,"column":12},"end":{"line":26,"column":13}},"loc":{"start":{"line":26,"column":21},"end":{"line":28,"column":3}},"line":26}},"branchMap":{},"s":{"0":2,"1":2,"2":1,"3":0,"4":0,"5":0,"6":0,"7":0},"f":{"0":2,"1":1,"2":0,"3":0,"4":0,"5":0,"6":0},"b":{},"_coverageSchema":"1a1c01bbd47fc00a2c39e90264f33305004495a9","hash":"bb33f20c5eed4bf56a7c0deed04819f22176b81d"}
,"/Users/noelledeangelo/Hack Reactor/fec/client/src/Utils/QuestionAPI.js": {"path":"/Users/noelledeangelo/Hack Reactor/fec/client/src/Utils/QuestionAPI.js","statementMap":{"0":{"start":{"line":3,"column":14},"end":{"line":23,"column":1}},"1":{"start":{"line":5,"column":4},"end":{"line":11,"column":8}},"2":{"start":{"line":7,"column":8},"end":{"line":7,"column":38}},"3":{"start":{"line":10,"column":8},"end":{"line":10,"column":19}},"4":{"start":{"line":15,"column":4},"end":{"line":21,"column":8}},"5":{"start":{"line":17,"column":8},"end":{"line":17,"column":35}},"6":{"start":{"line":20,"column":8},"end":{"line":20,"column":19}}},"fnMap":{"0":{"name":"(anonymous_0)","decl":{"start":{"line":4,"column":16},"end":{"line":4,"column":17}},"loc":{"start":{"line":4,"column":31},"end":{"line":12,"column":3}},"line":4},"1":{"name":"(anonymous_1)","decl":{"start":{"line":6,"column":13},"end":{"line":6,"column":14}},"loc":{"start":{"line":6,"column":28},"end":{"line":8,"column":7}},"line":6},"2":{"name":"(anonymous_2)","decl":{"start":{"line":9,"column":13},"end":{"line":9,"column":14}},"loc":{"start":{"line":9,"column":22},"end":{"line":11,"column":7}},"line":9},"3":{"name":"(anonymous_3)","decl":{"start":{"line":14,"column":14},"end":{"line":14,"column":15}},"loc":{"start":{"line":14,"column":30},"end":{"line":22,"column":3}},"line":14},"4":{"name":"(anonymous_4)","decl":{"start":{"line":16,"column":12},"end":{"line":16,"column":13}},"loc":{"start":{"line":16,"column":25},"end":{"line":18,"column":7}},"line":16},"5":{"name":"(anonymous_5)","decl":{"start":{"line":19,"column":13},"end":{"line":19,"column":14}},"loc":{"start":{"line":19,"column":22},"end":{"line":21,"column":7}},"line":19}},"branchMap":{},"s":{"0":1,"1":0,"2":0,"3":0,"4":0,"5":0,"6":0},"f":{"0":0,"1":0,"2":0,"3":0,"4":0,"5":0},"b":{},"_coverageSchema":"1a1c01bbd47fc00a2c39e90264f33305004495a9","hash":"3b23567cfea313b4c66c8ab7e0cfd766911e49f2"}
,"/Users/noelledeangelo/Hack Reactor/fec/client/src/Utils/ReviewAPI.js": {"path":"/Users/noelledeangelo/Hack Reactor/fec/client/src/Utils/ReviewAPI.js","statementMap":{"0":{"start":{"line":3,"column":18},"end":{"line":11,"column":1}},"1":{"start":{"line":5,"column":4},"end":{"line":5,"column":51}},"2":{"start":{"line":9,"column":4},"end":{"line":9,"column":56}}},"fnMap":{"0":{"name":"(anonymous_0)","decl":{"start":{"line":4,"column":14},"end":{"line":4,"column":15}},"loc":{"start":{"line":4,"column":29},"end":{"line":6,"column":3}},"line":4},"1":{"name":"(anonymous_1)","decl":{"start":{"line":8,"column":10},"end":{"line":8,"column":11}},"loc":{"start":{"line":8,"column":25},"end":{"line":10,"column":3}},"line":8}},"branchMap":{},"s":{"0":1,"1":0,"2":0},"f":{"0":0,"1":0},"b":{},"_coverageSchema":"1a1c01bbd47fc00a2c39e90264f33305004495a9","hash":"c45ef309ceb595c5283648f87970bbf7ab11a559"}
,"/Users/noelledeangelo/Hack Reactor/fec/client/src/components/Nav/index.js": {"path":"/Users/noelledeangelo/Hack Reactor/fec/client/src/components/Nav/index.js","statementMap":{"0":{"start":{"line":1,"column":12},"end":{"line":3,"column":1}},"1":{"start":{"line":2,"column":2},"end":{"line":2,"column":27}}},"fnMap":{"0":{"name":"(anonymous_0)","decl":{"start":{"line":1,"column":12},"end":{"line":1,"column":13}},"loc":{"start":{"line":2,"column":2},"end":{"line":2,"column":27}},"line":2}},"branchMap":{},"s":{"0":1,"1":0},"f":{"0":0},"b":{},"_coverageSchema":"1a1c01bbd47fc00a2c39e90264f33305004495a9","hash":"f060b47d0e79ab0035c6762feab10bc2e69c791a"}
,"/Users/noelledeangelo/Hack Reactor/fec/client/src/components/Overview/index.js": {"path":"/Users/noelledeangelo/Hack Reactor/fec/client/src/components/Overview/index.js","statementMap":{"0":{"start":{"line":6,"column":4},"end":{"line":6,"column":17}},"1":{"start":{"line":10,"column":4},"end":{"line":14,"column":6}}},"fnMap":{"0":{"name":"(anonymous_0)","decl":{"start":{"line":5,"column":2},"end":{"line":5,"column":3}},"loc":{"start":{"line":5,"column":22},"end":{"line":7,"column":3}},"line":5},"1":{"name":"(anonymous_1)","decl":{"start":{"line":9,"column":2},"end":{"line":9,"column":3}},"loc":{"start":{"line":9,"column":12},"end":{"line":15,"column":3}},"line":9}},"branchMap":{},"s":{"0":1,"1":1},"f":{"0":1,"1":1},"b":{},"_coverageSchema":"1a1c01bbd47fc00a2c39e90264f33305004495a9","hash":"3badcfa5f74a94367844af8fae7e0f8420abb889"}
,"/Users/noelledeangelo/Hack Reactor/fec/client/src/components/QandA/Answers.js": {"path":"/Users/noelledeangelo/Hack Reactor/fec/client/src/components/QandA/Answers.js","statementMap":{"0":{"start":{"line":6,"column":4},"end":{"line":6,"column":16}},"1":{"start":{"line":8,"column":4},"end":{"line":12,"column":5}},"2":{"start":{"line":16,"column":15},"end":{"line":16,"column":34}},"3":{"start":{"line":17,"column":4},"end":{"line":23,"column":6}},"4":{"start":{"line":21,"column":6},"end":{"line":21,"column":39}},"5":{"start":{"line":22,"column":6},"end":{"line":22,"column":52}},"6":{"start":{"line":27,"column":4},"end":{"line":27,"column":21}},"7":{"start":{"line":31,"column":4},"end":{"line":33,"column":5}}},"fnMap":{"0":{"name":"(anonymous_0)","decl":{"start":{"line":5,"column":2},"end":{"line":5,"column":3}},"loc":{"start":{"line":5,"column":21},"end":{"line":13,"column":3}},"line":5},"1":{"name":"(anonymous_1)","decl":{"start":{"line":15,"column":2},"end":{"line":15,"column":3}},"loc":{"start":{"line":15,"column":16},"end":{"line":24,"column":3}},"line":15},"2":{"name":"(anonymous_2)","decl":{"start":{"line":20,"column":10},"end":{"line":20,"column":11}},"loc":{"start":{"line":20,"column":23},"end":{"line":23,"column":5}},"line":20},"3":{"name":"(anonymous_3)","decl":{"start":{"line":26,"column":2},"end":{"line":26,"column":3}},"loc":{"start":{"line":26,"column":22},"end":{"line":28,"column":3}},"line":26},"4":{"name":"(anonymous_4)","decl":{"start":{"line":30,"column":2},"end":{"line":30,"column":3}},"loc":{"start":{"line":30,"column":11},"end":{"line":34,"column":3}},"line":30}},"branchMap":{},"s":{"0":0,"1":0,"2":0,"3":0,"4":0,"5":0,"6":0,"7":0},"f":{"0":0,"1":0,"2":0,"3":0,"4":0},"b":{},"_coverageSchema":"1a1c01bbd47fc00a2c39e90264f33305004495a9","hash":"60439e60404fcaf3f66725bace104cdd6fdfea52"}
,"/Users/noelledeangelo/Hack Reactor/fec/client/src/components/QandA/Questions.js": {"path":"/Users/noelledeangelo/Hack Reactor/fec/client/src/components/QandA/Questions.js","statementMap":{"0":{"start":{"line":7,"column":4},"end":{"line":7,"column":16}},"1":{"start":{"line":9,"column":4},"end":{"line":13,"column":5}},"2":{"start":{"line":14,"column":4},"end":{"line":14,"column":42}},"3":{"start":{"line":15,"column":4},"end":{"line":15,"column":56}},"4":{"start":{"line":19,"column":4},"end":{"line":27,"column":5}},"5":{"start":{"line":20,"column":16},"end":{"line":20,"column":34}},"6":{"start":{"line":21,"column":6},"end":{"line":26,"column":8}},"7":{"start":{"line":25,"column":8},"end":{"line":25,"column":57}},"8":{"start":{"line":31,"column":4},"end":{"line":31,"column":23}},"9":{"start":{"line":35,"column":18},"end":{"line":35,"column":50}},"10":{"start":{"line":36,"column":4},"end":{"line":49,"column":5}},"11":{"start":{"line":53,"column":4},"end":{"line":53,"column":25}},"12":{"start":{"line":57,"column":4},"end":{"line":70,"column":5}},"13":{"start":{"line":60,"column":9},"end":{"line":60,"column":45}}},"fnMap":{"0":{"name":"(anonymous_0)","decl":{"start":{"line":6,"column":2},"end":{"line":6,"column":3}},"loc":{"start":{"line":6,"column":21},"end":{"line":16,"column":3}},"line":6},"1":{"name":"(anonymous_1)","decl":{"start":{"line":18,"column":2},"end":{"line":18,"column":3}},"loc":{"start":{"line":18,"column":18},"end":{"line":28,"column":3}},"line":18},"2":{"name":"(anonymous_2)","decl":{"start":{"line":24,"column":12},"end":{"line":24,"column":13}},"loc":{"start":{"line":24,"column":26},"end":{"line":26,"column":7}},"line":24},"3":{"name":"(anonymous_3)","decl":{"start":{"line":30,"column":2},"end":{"line":30,"column":3}},"loc":{"start":{"line":30,"column":22},"end":{"line":32,"column":3}},"line":30},"4":{"name":"(anonymous_4)","decl":{"start":{"line":34,"column":2},"end":{"line":34,"column":3}},"loc":{"start":{"line":34,"column":34},"end":{"line":50,"column":3}},"line":34},"5":{"name":"(anonymous_5)","decl":{"start":{"line":52,"column":2},"end":{"line":52,"column":3}},"loc":{"start":{"line":52,"column":12},"end":{"line":54,"column":3}},"line":52},"6":{"name":"(anonymous_6)","decl":{"start":{"line":56,"column":2},"end":{"line":56,"column":3}},"loc":{"start":{"line":56,"column":12},"end":{"line":71,"column":3}},"line":56},"7":{"name":"(anonymous_7)","decl":{"start":{"line":59,"column":46},"end":{"line":59,"column":47}},"loc":{"start":{"line":60,"column":9},"end":{"line":60,"column":45}},"line":60}},"branchMap":{"0":{"loc":{"start":{"line":19,"column":4},"end":{"line":27,"column":5}},"type":"if","locations":[{"start":{"line":19,"column":4},"end":{"line":27,"column":5}},{"start":{"line":19,"column":4},"end":{"line":27,"column":5}}],"line":19},"1":{"loc":{"start":{"line":61,"column":9},"end":{"line":67,"column":21}},"type":"cond-expr","locations":[{"start":{"line":63,"column":12},"end":{"line":65,"column":18}},{"start":{"line":67,"column":10},"end":{"line":67,"column":21}}],"line":61}},"s":{"0":1,"1":1,"2":1,"3":1,"4":1,"5":0,"6":0,"7":0,"8":1,"9":0,"10":0,"11":0,"12":1,"13":0},"f":{"0":1,"1":1,"2":0,"3":1,"4":0,"5":0,"6":1,"7":0},"b":{"0":[0,1],"1":[1,0]},"_coverageSchema":"1a1c01bbd47fc00a2c39e90264f33305004495a9","hash":"053b7940bffc884176dc9cde2e7225ee7a6e45f9"}
,"/Users/noelledeangelo/Hack Reactor/fec/client/src/components/QandA/index.js": {"path":"/Users/noelledeangelo/Hack Reactor/fec/client/src/components/QandA/index.js","statementMap":{"0":{"start":{"line":5,"column":14},"end":{"line":9,"column":3}},"1":{"start":{"line":6,"column":2},"end":{"line":8,"column":8}}},"fnMap":{"0":{"name":"(anonymous_0)","decl":{"start":{"line":5,"column":14},"end":{"line":5,"column":15}},"loc":{"start":{"line":6,"column":2},"end":{"line":8,"column":8}},"line":6}},"branchMap":{},"s":{"0":1,"1":1},"f":{"0":1},"b":{},"_coverageSchema":"1a1c01bbd47fc00a2c39e90264f33305004495a9","hash":"8ec75e57461cd64a2df7e6e4914fb6a5269eb010"}
,"/Users/noelledeangelo/Hack Reactor/fec/client/src/components/RatingsReviews/Characteristics.jsx": {"path":"/Users/noelledeangelo/Hack Reactor/fec/client/src/components/RatingsReviews/Characteristics.jsx","statementMap":{"0":{"start":{"line":3,"column":24},"end":{"line":7,"column":1}},"1":{"start":{"line":4,"column":2},"end":{"line":6,"column":8}}},"fnMap":{"0":{"name":"(anonymous_0)","decl":{"start":{"line":3,"column":24},"end":{"line":3,"column":25}},"loc":{"start":{"line":4,"column":2},"end":{"line":6,"column":8}},"line":4}},"branchMap":{},"s":{"0":1,"1":0},"f":{"0":0},"b":{},"_coverageSchema":"1a1c01bbd47fc00a2c39e90264f33305004495a9","hash":"bd2adb8ac6178932c66e2b2a5ed92d34a8349d1d"}
,"/Users/noelledeangelo/Hack Reactor/fec/client/src/components/RatingsReviews/Ratings.jsx": {"path":"/Users/noelledeangelo/Hack Reactor/fec/client/src/components/RatingsReviews/Ratings.jsx","statementMap":{"0":{"start":{"line":5,"column":23},"end":{"line":13,"column":1}},"1":{"start":{"line":6,"column":11},"end":{"line":6,"column":27}},"2":{"start":{"line":7,"column":12},"end":{"line":7,"column":29}},"3":{"start":{"line":8,"column":14},"end":{"line":8,"column":23}},"4":{"start":{"line":9,"column":16},"end":{"line":9,"column":35}},"5":{"start":{"line":10,"column":2},"end":{"line":10,"column":31}},"6":{"start":{"line":11,"column":2},"end":{"line":11,"column":17}},"7":{"start":{"line":16,"column":16},"end":{"line":26,"column":1}},"8":{"start":{"line":17,"column":2},"end":{"line":19,"column":4}},"9":{"start":{"line":18,"column":5},"end":{"line":18,"column":33}},"10":{"start":{"line":20,"column":2},"end":{"line":25,"column":10}}},"fnMap":{"0":{"name":"(anonymous_0)","decl":{"start":{"line":5,"column":23},"end":{"line":5,"column":24}},"loc":{"start":{"line":5,"column":30},"end":{"line":13,"column":1}},"line":5},"1":{"name":"(anonymous_1)","decl":{"start":{"line":16,"column":16},"end":{"line":16,"column":17}},"loc":{"start":{"line":16,"column":30},"end":{"line":26,"column":1}},"line":16}},"branchMap":{"0":{"loc":{"start":{"line":17,"column":2},"end":{"line":19,"column":4}},"type":"if","locations":[{"start":{"line":17,"column":2},"end":{"line":19,"column":4}},{"start":{"line":17,"column":2},"end":{"line":19,"column":4}}],"line":17}},"s":{"0":1,"1":0,"2":0,"3":0,"4":0,"5":0,"6":0,"7":1,"8":1,"9":1,"10":0},"f":{"0":0,"1":1},"b":{"0":[1,0]},"_coverageSchema":"1a1c01bbd47fc00a2c39e90264f33305004495a9","hash":"0088fbc3735311a213daf1b77c002dcc212d20c2"}
,"/Users/noelledeangelo/Hack Reactor/fec/client/src/components/RatingsReviews/StarRatings.jsx": {"path":"/Users/noelledeangelo/Hack Reactor/fec/client/src/components/RatingsReviews/StarRatings.jsx","statementMap":{"0":{"start":{"line":3,"column":19},"end":{"line":7,"column":1}},"1":{"start":{"line":4,"column":2},"end":{"line":6,"column":8}}},"fnMap":{"0":{"name":"(anonymous_0)","decl":{"start":{"line":3,"column":19},"end":{"line":3,"column":20}},"loc":{"start":{"line":4,"column":2},"end":{"line":6,"column":8}},"line":4}},"branchMap":{},"s":{"0":1,"1":0},"f":{"0":0},"b":{},"_coverageSchema":"1a1c01bbd47fc00a2c39e90264f33305004495a9","hash":"0ed103062c43d960c0c07e576535bb6e70f64c25"}
,"/Users/noelledeangelo/Hack Reactor/fec/client/src/components/RatingsReviews/index.jsx": {"path":"/Users/noelledeangelo/Hack Reactor/fec/client/src/components/RatingsReviews/index.jsx","statementMap":{"0":{"start":{"line":11,"column":4},"end":{"line":11,"column":17}},"1":{"start":{"line":14,"column":4},"end":{"line":17,"column":12}}},"fnMap":{"0":{"name":"(anonymous_0)","decl":{"start":{"line":10,"column":2},"end":{"line":10,"column":3}},"loc":{"start":{"line":10,"column":20},"end":{"line":12,"column":3}},"line":10},"1":{"name":"(anonymous_1)","decl":{"start":{"line":13,"column":2},"end":{"line":13,"column":3}},"loc":{"start":{"line":13,"column":10},"end":{"line":18,"column":1}},"line":13}},"branchMap":{},"s":{"0":1,"1":1},"f":{"0":1,"1":1},"b":{},"_coverageSchema":"1a1c01bbd47fc00a2c39e90264f33305004495a9","hash":"184e61b8e93633639c37c6fcfa5bf1ed8b11b055"}
,"/Users/noelledeangelo/Hack Reactor/fec/client/src/components/RelatedProducts/index.js": {"path":"/Users/noelledeangelo/Hack Reactor/fec/client/src/components/RelatedProducts/index.js","statementMap":{"0":{"start":{"line":8,"column":4},"end":{"line":8,"column":17}},"1":{"start":{"line":12,"column":21},"end":{"line":12,"column":43}},"2":{"start":{"line":13,"column":4},"end":{"line":13,"column":44}},"3":{"start":{"line":14,"column":4},"end":{"line":16,"column":5}}},"fnMap":{"0":{"name":"(anonymous_0)","decl":{"start":{"line":7,"column":2},"end":{"line":7,"column":3}},"loc":{"start":{"line":7,"column":21},"end":{"line":9,"column":3}},"line":7},"1":{"name":"(anonymous_1)","decl":{"start":{"line":11,"column":2},"end":{"line":11,"column":3}},"loc":{"start":{"line":11,"column":11},"end":{"line":17,"column":3}},"line":11}},"branchMap":{},"s":{"0":1,"1":1,"2":1,"3":1},"f":{"0":1,"1":1},"b":{},"_coverageSchema":"1a1c01bbd47fc00a2c39e90264f33305004495a9","hash":"fc1eb7c2a86141f744856d4e6b530c8dcc714793"}
,"/Users/noelledeangelo/Hack Reactor/fec/server/controllers/Product.js": {"path":"/Users/noelledeangelo/Hack Reactor/fec/server/controllers/Product.js","statementMap":{"0":{"start":{"line":1,"column":20},"end":{"line":1,"column":41}},"1":{"start":{"line":2,"column":12},"end":{"line":2,"column":66}},"2":{"start":{"line":3,"column":14},"end":{"line":3,"column":61}},"3":{"start":{"line":4,"column":14},"end":{"line":4,"column":30}},"4":{"start":{"line":6,"column":0},"end":{"line":6,"column":55}},"5":{"start":{"line":8,"column":0},"end":{"line":101,"column":2}},"6":{"start":{"line":14,"column":17},"end":{"line":14,"column":40}},"7":{"start":{"line":15,"column":4},"end":{"line":35,"column":6}},"8":{"start":{"line":17,"column":6},"end":{"line":17,"column":35}},"9":{"start":{"line":18,"column":6},"end":{"line":18,"column":42}},"10":{"start":{"line":21,"column":6},"end":{"line":21,"column":33}},"11":{"start":{"line":22,"column":6},"end":{"line":22,"column":44}},"12":{"start":{"line":25,"column":6},"end":{"line":25,"column":29}},"13":{"start":{"line":26,"column":6},"end":{"line":26,"column":47}},"14":{"start":{"line":29,"column":6},"end":{"line":29,"column":35}},"15":{"start":{"line":30,"column":6},"end":{"line":30,"column":20}},"16":{"start":{"line":33,"column":6},"end":{"line":33,"column":57}},"17":{"start":{"line":34,"column":6},"end":{"line":34,"column":20}},"18":{"start":{"line":39,"column":17},"end":{"line":39,"column":19}},"19":{"start":{"line":40,"column":4},"end":{"line":56,"column":6}},"20":{"start":{"line":42,"column":6},"end":{"line":42,"column":22}},"21":{"start":{"line":43,"column":6},"end":{"line":43,"column":38}},"22":{"start":{"line":46,"column":6},"end":{"line":46,"column":25}},"23":{"start":{"line":47,"column":6},"end":{"line":47,"column":43}},"24":{"start":{"line":50,"column":6},"end":{"line":50,"column":31}},"25":{"start":{"line":51,"column":6},"end":{"line":51,"column":20}},"26":{"start":{"line":54,"column":6},"end":{"line":54,"column":61}},"27":{"start":{"line":55,"column":6},"end":{"line":55,"column":20}},"28":{"start":{"line":63,"column":4},"end":{"line":77,"column":8}},"29":{"start":{"line":65,"column":26},"end":{"line":71,"column":9}},"30":{"start":{"line":72,"column":8},"end":{"line":72,"column":27}},"31":{"start":{"line":75,"column":8},"end":{"line":75,"column":55}},"32":{"start":{"line":76,"column":8},"end":{"line":76,"column":20}},"33":{"start":{"line":81,"column":4},"end":{"line":88,"column":8}},"34":{"start":{"line":83,"column":8},"end":{"line":83,"column":37}},"35":{"start":{"line":86,"column":8},"end":{"line":86,"column":49}},"36":{"start":{"line":87,"column":8},"end":{"line":87,"column":20}},"37":{"start":{"line":92,"column":4},"end":{"line":99,"column":8}},"38":{"start":{"line":94,"column":8},"end":{"line":94,"column":29}},"39":{"start":{"line":97,"column":8},"end":{"line":97,"column":58}},"40":{"start":{"line":98,"column":8},"end":{"line":98,"column":20}}},"fnMap":{"0":{"name":"(anonymous_0)","decl":{"start":{"line":13,"column":14},"end":{"line":13,"column":15}},"loc":{"start":{"line":13,"column":23},"end":{"line":36,"column":3}},"line":13},"1":{"name":"(anonymous_1)","decl":{"start":{"line":16,"column":10},"end":{"line":16,"column":11}},"loc":{"start":{"line":16,"column":27},"end":{"line":19,"column":5}},"line":16},"2":{"name":"(anonymous_2)","decl":{"start":{"line":20,"column":10},"end":{"line":20,"column":11}},"loc":{"start":{"line":20,"column":26},"end":{"line":23,"column":5}},"line":20},"3":{"name":"(anonymous_3)","decl":{"start":{"line":24,"column":10},"end":{"line":24,"column":11}},"loc":{"start":{"line":24,"column":24},"end":{"line":27,"column":5}},"line":24},"4":{"name":"(anonymous_4)","decl":{"start":{"line":28,"column":10},"end":{"line":28,"column":11}},"loc":{"start":{"line":28,"column":27},"end":{"line":31,"column":5}},"line":28},"5":{"name":"(anonymous_5)","decl":{"start":{"line":32,"column":11},"end":{"line":32,"column":12}},"loc":{"start":{"line":32,"column":20},"end":{"line":35,"column":5}},"line":32},"6":{"name":"(anonymous_6)","decl":{"start":{"line":38,"column":10},"end":{"line":38,"column":11}},"loc":{"start":{"line":38,"column":19},"end":{"line":57,"column":3}},"line":38},"7":{"name":"(anonymous_7)","decl":{"start":{"line":41,"column":10},"end":{"line":41,"column":11}},"loc":{"start":{"line":41,"column":22},"end":{"line":44,"column":5}},"line":41},"8":{"name":"(anonymous_8)","decl":{"start":{"line":45,"column":10},"end":{"line":45,"column":11}},"loc":{"start":{"line":45,"column":22},"end":{"line":48,"column":5}},"line":45},"9":{"name":"(anonymous_9)","decl":{"start":{"line":49,"column":10},"end":{"line":49,"column":11}},"loc":{"start":{"line":49,"column":23},"end":{"line":52,"column":5}},"line":49},"10":{"name":"(anonymous_10)","decl":{"start":{"line":53,"column":11},"end":{"line":53,"column":12}},"loc":{"start":{"line":53,"column":20},"end":{"line":56,"column":5}},"line":53},"11":{"name":"(anonymous_11)","decl":{"start":{"line":62,"column":14},"end":{"line":62,"column":15}},"loc":{"start":{"line":62,"column":23},"end":{"line":78,"column":3}},"line":62},"12":{"name":"(anonymous_12)","decl":{"start":{"line":64,"column":12},"end":{"line":64,"column":13}},"loc":{"start":{"line":64,"column":26},"end":{"line":73,"column":7}},"line":64},"13":{"name":"(anonymous_13)","decl":{"start":{"line":74,"column":13},"end":{"line":74,"column":14}},"loc":{"start":{"line":74,"column":22},"end":{"line":77,"column":7}},"line":74},"14":{"name":"(anonymous_14)","decl":{"start":{"line":80,"column":13},"end":{"line":80,"column":14}},"loc":{"start":{"line":80,"column":22},"end":{"line":89,"column":3}},"line":80},"15":{"name":"(anonymous_15)","decl":{"start":{"line":82,"column":12},"end":{"line":82,"column":13}},"loc":{"start":{"line":82,"column":26},"end":{"line":84,"column":7}},"line":82},"16":{"name":"(anonymous_16)","decl":{"start":{"line":85,"column":13},"end":{"line":85,"column":14}},"loc":{"start":{"line":85,"column":22},"end":{"line":88,"column":7}},"line":85},"17":{"name":"(anonymous_17)","decl":{"start":{"line":91,"column":14},"end":{"line":91,"column":15}},"loc":{"start":{"line":91,"column":23},"end":{"line":100,"column":3}},"line":91},"18":{"name":"(anonymous_18)","decl":{"start":{"line":93,"column":12},"end":{"line":93,"column":13}},"loc":{"start":{"line":93,"column":26},"end":{"line":95,"column":7}},"line":93},"19":{"name":"(anonymous_19)","decl":{"start":{"line":96,"column":13},"end":{"line":96,"column":14}},"loc":{"start":{"line":96,"column":22},"end":{"line":99,"column":7}},"line":96}},"branchMap":{"0":{"loc":{"start":{"line":3,"column":14},"end":{"line":3,"column":61}},"type":"binary-expr","locations":[{"start":{"line":3,"column":14},"end":{"line":3,"column":31}},{"start":{"line":3,"column":35},"end":{"line":3,"column":61}}],"line":3}},"s":{"0":1,"1":1,"2":1,"3":1,"4":1,"5":1,"6":2,"7":2,"8":2,"9":2,"10":2,"11":2,"12":2,"13":2,"14":2,"15":2,"16":0,"17":0,"18":1,"19":1,"20":1,"21":1,"22":1,"23":1,"24":1,"25":1,"26":0,"27":0,"28":3,"29":3,"30":3,"31":0,"32":0,"33":3,"34":3,"35":0,"36":0,"37":2,"38":2,"39":0,"40":0},"f":{"0":2,"1":2,"2":2,"3":2,"4":2,"5":0,"6":1,"7":1,"8":1,"9":1,"10":0,"11":3,"12":3,"13":0,"14":3,"15":3,"16":0,"17":2,"18":2,"19":0},"b":{"0":[1,1]},"_coverageSchema":"1a1c01bbd47fc00a2c39e90264f33305004495a9","hash":"d6822df9480b96c20e80d7ec59be489d9ade662f"}
,"/Users/noelledeangelo/Hack Reactor/fec/server/controllers/QandA.js": {"path":"/Users/noelledeangelo/Hack Reactor/fec/server/controllers/QandA.js","statementMap":{"0":{"start":{"line":1,"column":14},"end":{"line":1,"column":30}},"1":{"start":{"line":2,"column":14},"end":{"line":2,"column":61}},"2":{"start":{"line":3,"column":12},"end":{"line":3,"column":65}},"3":{"start":{"line":5,"column":0},"end":{"line":55,"column":1}},"4":{"start":{"line":7,"column":4},"end":{"line":7,"column":25}},"5":{"start":{"line":8,"column":19},"end":{"line":8,"column":29}},"6":{"start":{"line":9,"column":17},"end":{"line":9,"column":24}},"7":{"start":{"line":10,"column":20},"end":{"line":10,"column":28}},"8":{"start":{"line":12,"column":4},"end":{"line":25,"column":8}},"9":{"start":{"line":21,"column":8},"end":{"line":21,"column":31}},"10":{"start":{"line":24,"column":8},"end":{"line":24,"column":21}},"11":{"start":{"line":29,"column":4},"end":{"line":38,"column":8}},"12":{"start":{"line":37,"column":8},"end":{"line":37,"column":36}},"13":{"start":{"line":42,"column":4},"end":{"line":51,"column":8}},"14":{"start":{"line":50,"column":8},"end":{"line":50,"column":36}}},"fnMap":{"0":{"name":"(anonymous_0)","decl":{"start":{"line":6,"column":16},"end":{"line":6,"column":17}},"loc":{"start":{"line":6,"column":30},"end":{"line":26,"column":3}},"line":6},"1":{"name":"(anonymous_1)","decl":{"start":{"line":20,"column":12},"end":{"line":20,"column":13}},"loc":{"start":{"line":20,"column":26},"end":{"line":22,"column":7}},"line":20},"2":{"name":"(anonymous_2)","decl":{"start":{"line":23,"column":13},"end":{"line":23,"column":14}},"loc":{"start":{"line":23,"column":22},"end":{"line":25,"column":7}},"line":23},"3":{"name":"(anonymous_3)","decl":{"start":{"line":28,"column":9},"end":{"line":28,"column":10}},"loc":{"start":{"line":28,"column":24},"end":{"line":39,"column":3}},"line":28},"4":{"name":"(anonymous_4)","decl":{"start":{"line":36,"column":12},"end":{"line":36,"column":13}},"loc":{"start":{"line":36,"column":26},"end":{"line":38,"column":7}},"line":36},"5":{"name":"(anonymous_5)","decl":{"start":{"line":41,"column":14},"end":{"line":41,"column":15}},"loc":{"start":{"line":41,"column":30},"end":{"line":52,"column":3}},"line":41},"6":{"name":"(anonymous_6)","decl":{"start":{"line":49,"column":12},"end":{"line":49,"column":13}},"loc":{"start":{"line":49,"column":26},"end":{"line":51,"column":7}},"line":49}},"branchMap":{"0":{"loc":{"start":{"line":2,"column":14},"end":{"line":2,"column":61}},"type":"binary-expr","locations":[{"start":{"line":2,"column":14},"end":{"line":2,"column":31}},{"start":{"line":2,"column":35},"end":{"line":2,"column":61}}],"line":2}},"s":{"0":2,"1":2,"2":2,"3":2,"4":0,"5":0,"6":0,"7":0,"8":0,"9":0,"10":0,"11":2,"12":2,"13":1,"14":1},"f":{"0":0,"1":0,"2":0,"3":2,"4":2,"5":1,"6":1},"b":{"0":[2,2]},"_coverageSchema":"1a1c01bbd47fc00a2c39e90264f33305004495a9","hash":"2bca6941a00d7a90d256fa060ac5c3aaadd4c40f"}
,"/Users/noelledeangelo/Hack Reactor/fec/server/controllers/Review.js": {"path":"/Users/noelledeangelo/Hack Reactor/fec/server/controllers/Review.js","statementMap":{"0":{"start":{"line":1,"column":12},"end":{"line":1,"column":66}},"1":{"start":{"line":2,"column":14},"end":{"line":2,"column":30}},"2":{"start":{"line":3,"column":14},"end":{"line":3,"column":61}},"3":{"start":{"line":5,"column":0},"end":{"line":5,"column":52}},"4":{"start":{"line":7,"column":0},"end":{"line":61,"column":2}},"5":{"start":{"line":10,"column":33},"end":{"line":10,"column":47}},"6":{"start":{"line":11,"column":4},"end":{"line":24,"column":9}},"7":{"start":{"line":13,"column":25},"end":{"line":19,"column":9}},"8":{"start":{"line":20,"column":8},"end":{"line":20,"column":24}},"9":{"start":{"line":23,"column":8},"end":{"line":23,"column":25}},"10":{"start":{"line":28,"column":16},"end":{"line":28,"column":17}},"11":{"start":{"line":29,"column":16},"end":{"line":29,"column":17}},"12":{"start":{"line":30,"column":4},"end":{"line":33,"column":5}},"13":{"start":{"line":31,"column":6},"end":{"line":31,"column":53}},"14":{"start":{"line":32,"column":6},"end":{"line":32,"column":39}},"15":{"start":{"line":34,"column":20},"end":{"line":34,"column":33}},"16":{"start":{"line":35,"column":4},"end":{"line":35,"column":41}},"17":{"start":{"line":38,"column":29},"end":{"line":60,"column":6}},"18":{"start":{"line":40,"column":22},"end":{"line":40,"column":24}},"19":{"start":{"line":41,"column":28},"end":{"line":41,"column":49}},"20":{"start":{"line":42,"column":6},"end":{"line":55,"column":7}},"21":{"start":{"line":42,"column":19},"end":{"line":42,"column":20}},"22":{"start":{"line":43,"column":30},"end":{"line":43,"column":46}},"23":{"start":{"line":44,"column":8},"end":{"line":54,"column":11}},"24":{"start":{"line":56,"column":6},"end":{"line":56,"column":21}},"25":{"start":{"line":59,"column":6},"end":{"line":59,"column":23}}},"fnMap":{"0":{"name":"(anonymous_0)","decl":{"start":{"line":9,"column":11},"end":{"line":9,"column":12}},"loc":{"start":{"line":9,"column":26},"end":{"line":25,"column":3}},"line":9},"1":{"name":"(anonymous_1)","decl":{"start":{"line":12,"column":12},"end":{"line":12,"column":13}},"loc":{"start":{"line":12,"column":26},"end":{"line":21,"column":7}},"line":12},"2":{"name":"(anonymous_2)","decl":{"start":{"line":22,"column":13},"end":{"line":22,"column":14}},"loc":{"start":{"line":22,"column":22},"end":{"line":24,"column":7}},"line":22},"3":{"name":"(anonymous_3)","decl":{"start":{"line":27,"column":20},"end":{"line":27,"column":21}},"loc":{"start":{"line":27,"column":36},"end":{"line":36,"column":3}},"line":27},"4":{"name":"(anonymous_4)","decl":{"start":{"line":38,"column":14},"end":{"line":38,"column":15}},"loc":{"start":{"line":38,"column":29},"end":{"line":60,"column":6}},"line":38},"5":{"name":"(anonymous_5)","decl":{"start":{"line":39,"column":10},"end":{"line":39,"column":11}},"loc":{"start":{"line":39,"column":24},"end":{"line":57,"column":5}},"line":39},"6":{"name":"(anonymous_6)","decl":{"start":{"line":58,"column":11},"end":{"line":58,"column":12}},"loc":{"start":{"line":58,"column":20},"end":{"line":60,"column":5}},"line":58}},"branchMap":{"0":{"loc":{"start":{"line":3,"column":14},"end":{"line":3,"column":61}},"type":"binary-expr","locations":[{"start":{"line":3,"column":14},"end":{"line":3,"column":31}},{"start":{"line":3,"column":35},"end":{"line":3,"column":61}}],"line":3}},"s":{"0":2,"1":2,"2":2,"3":2,"4":2,"5":3,"6":3,"7":3,"8":3,"9":0,"10":7,"11":7,"12":7,"13":26,"14":26,"15":7,"16":7,"17":3,"18":3,"19":3,"20":3,"21":3,"22":15,"23":15,"24":3,"25":0},"f":{"0":3,"1":3,"2":0,"3":7,"4":3,"5":3,"6":0},"b":{"0":[2,2]},"_coverageSchema":"1a1c01bbd47fc00a2c39e90264f33305004495a9","hash":"d744ae65c14059dd16e3adf23141b3509b7029f3"}
,"/Users/noelledeangelo/Hack Reactor/fec/server/controllers/index.js": {"path":"/Users/noelledeangelo/Hack Reactor/fec/server/controllers/index.js","statementMap":{"0":{"start":{"line":1,"column":0},"end":{"line":1,"column":42}},"1":{"start":{"line":2,"column":0},"end":{"line":2,"column":40}},"2":{"start":{"line":3,"column":0},"end":{"line":3,"column":35}}},"fnMap":{},"branchMap":{},"s":{"0":1,"1":1,"2":1},"f":{},"b":{},"_coverageSchema":"1a1c01bbd47fc00a2c39e90264f33305004495a9","hash":"46636e7137dfb33ff7edb0803f5c6df6b8451f54"}
}
